<?xml version="1.0" encoding="UTF-8"?>
<!-- Generated by org.testng.reporters.JUnitXMLReporter -->
<testsuite ignored="0" hostname="DESKTOP-AMAV84R" failures="0" tests="3" name="ChromeTest" time="49.005" errors="0" timestamp="2025-05-26T20:58:30 IST">
  <testcase classname="testscript.ManageNewsTest" name="manageNewsmethod" time="8.568"/>
  <testcase classname="testscript.AdminUsersTest" name="adminUsersTest" time="10.454"/>
  <testcase classname="testscript.Login" name="LoginTest" time="4.899"/>
</testsuite> <!-- ChromeTest -->
