<?xml version="1.0" encoding="UTF-8"?>
<!-- Generated by org.testng.reporters.JUnitXMLReporter -->
<testsuite ignored="0" hostname="DESKTOP-AMAV84R" failures="0" tests="3" name="EdgeTest" time="48.88" errors="0" timestamp="2025-05-26T20:58:30 IST">
  <testcase classname="testscript.ManageNewsTest" name="manageNewsmethod" time="6.628"/>
  <testcase classname="testscript.AdminUsersTest" name="adminUsersTest" time="7.093"/>
  <testcase classname="testscript.Login" name="LoginTest" time="2.064"/>
</testsuite> <!-- EdgeTest -->
