<?xml version="1.0" encoding="UTF-8"?>
<!-- Generated by org.testng.reporters.JUnitXMLReporter -->
<testsuite ignored="0" hostname="DESKTOP-AMAV84R" failures="0" tests="2" name="Test1" time="18.199" errors="0" timestamp="2025-05-26T22:46:13 IST">
  <testcase classname="testscript.ManageNewsTest" name="manageNewsmethod" time="0.331">
    <skipped/>
  </testcase> <!-- manageNewsmethod -->
  <testcase classname="testscript.ManageNewsTest" name="manageNewsmethod" time="4.259"/>
</testsuite> <!-- Test1 -->
