<?xml version="1.0" encoding="UTF-8"?>
<!-- Generated by org.testng.reporters.JUnitXMLReporter -->
<testsuite ignored="0" hostname="DESKTOP-AMAV84R" failures="0" tests="3" name="EdgeTest" time="31.587" errors="0" timestamp="2025-05-26T20:54:04 IST">
  <testcase classname="testscript.ManageNewsTest" name="manageNewsmethod" time="4.642"/>
  <testcase classname="testscript.Login" name="LoginTest" time="1.106"/>
  <testcase classname="testscript.AdminUsersTest" name="adminUsersTest" time="4.64"/>
</testsuite> <!-- EdgeTest -->
