# JRE version: OpenJDK Runtime Environment Temurin-21.0.5+11 (21.0.5+11) (build 21.0.5+11-LTS)
# Java VM: OpenJDK 64-Bit Server VM Temurin-21.0.5+11 (21.0.5+11-LTS, mixed mode, sharing, tiered, compressed oops, compressed class ptrs, g1 gc, windows-amd64)
GC Precious Log:
 CardTable entry size: 512
 Card Set container configuration: InlinePtr #cards 5 size 8 Array Of Cards #cards 12 size 40 Howl #buckets 4 coarsen threshold 1843 Howl Bitmap #cards 512 size 80 coarsen threshold 460 Card regions per heap region 1 cards per card region 2048
 CPUs: 4 total, 4 available
 Memory: 4012M
 Large Page Support: Disabled
 NUMA Support: Disabled
 Compressed Oops: Enabled (32-bit)
 Heap Region Size: 1M
 Heap Min Capacity: 8M
 Heap Initial Capacity: 64M
 Heap Max Capacity: 1004M
 Pre-touch: Disabled
 Parallel Workers: 4
 Concurrent Workers: 1
 Concurrent Refinement Workers: 4
 Periodic GC: Disabled
Heap:
 garbage-first heap   total 78848K, used 32181K [0x00000000c1400000, 0x0000000100000000)
  region size 1024K, 14 young (14336K), 3 survivors (3072K)
 Metaspace       used 34422K, committed 34880K, reserved 1114112K
  class space    used 3810K, committed 4032K, reserved 1048576K
GC Heap History (20 events):
Event: 94.416 GC heap before
{Heap before GC invocations=20 (full 0):
 garbage-first heap   total 40960K, used 20581K [0x00000000c1400000, 0x0000000100000000)
  region size 1024K, 3 young (3072K), 2 survivors (2048K)
 Metaspace       used 33064K, committed 33600K, reserved 1114112K
  class space    used 3775K, committed 4032K, reserved 1048576K
}
Event: 94.616 GC heap after
{Heap after GC invocations=21 (full 0):
 garbage-first heap   total 40960K, used 19657K [0x00000000c1400000, 0x0000000100000000)
  region size 1024K, 1 young (1024K), 1 survivors (1024K)
 Metaspace       used 33064K, committed 33600K, reserved 1114112K
  class space    used 3775K, committed 4032K, reserved 1048576K
}
Event: 95.046 GC heap before
{Heap before GC invocations=21 (full 0):
 garbage-first heap   total 40960K, used 28873K [0x00000000c1400000, 0x0000000100000000)
  region size 1024K, 10 young (10240K), 1 survivors (1024K)
 Metaspace       used 33142K, committed 33664K, reserved 1114112K
  class space    used 3776K, committed 4032K, reserved 1048576K
}
Event: 95.054 GC heap after
{Heap after GC invocations=22 (full 0):
 garbage-first heap   total 40960K, used 20202K [0x00000000c1400000, 0x0000000100000000)
  region size 1024K, 2 young (2048K), 2 survivors (2048K)
 Metaspace       used 33142K, committed 33664K, reserved 1114112K
  class space    used 3776K, committed 4032K, reserved 1048576K
}
Event: 95.147 GC heap before
{Heap before GC invocations=22 (full 0):
 garbage-first heap   total 40960K, used 25322K [0x00000000c1400000, 0x0000000100000000)
  region size 1024K, 7 young (7168K), 2 survivors (2048K)
 Metaspace       used 33142K, committed 33664K, reserved 1114112K
  class space    used 3776K, committed 4032K, reserved 1048576K
}
Event: 95.175 GC heap after
{Heap after GC invocations=23 (full 0):
 garbage-first heap   total 40960K, used 21217K [0x00000000c1400000, 0x0000000100000000)
  region size 1024K, 1 young (1024K), 1 survivors (1024K)
 Metaspace       used 33142K, committed 33664K, reserved 1114112K
  class space    used 3776K, committed 4032K, reserved 1048576K
}
Event: 105.054 GC heap before
{Heap before GC invocations=24 (full 0):
 garbage-first heap   total 40960K, used 31457K [0x00000000c1400000, 0x0000000100000000)
  region size 1024K, 12 young (12288K), 1 survivors (1024K)
 Metaspace       used 33360K, committed 33856K, reserved 1114112K
  class space    used 3786K, committed 4032K, reserved 1048576K
}
Event: 105.064 GC heap after
{Heap after GC invocations=25 (full 0):
 garbage-first heap   total 97280K, used 21686K [0x00000000c1400000, 0x0000000100000000)
  region size 1024K, 2 young (2048K), 2 survivors (2048K)
 Metaspace       used 33360K, committed 33856K, reserved 1114112K
  class space    used 3786K, committed 4032K, reserved 1048576K
}
Event: 106.444 GC heap before
{Heap before GC invocations=25 (full 0):
 garbage-first heap   total 97280K, used 27830K [0x00000000c1400000, 0x0000000100000000)
  region size 1024K, 9 young (9216K), 2 survivors (2048K)
 Metaspace       used 33400K, committed 33856K, reserved 1114112K
  class space    used 3786K, committed 4032K, reserved 1048576K
}
Event: 106.458 GC heap after
{Heap after GC invocations=26 (full 0):
 garbage-first heap   total 97280K, used 21504K [0x00000000c1400000, 0x0000000100000000)
  region size 1024K, 1 young (1024K), 1 survivors (1024K)
 Metaspace       used 33400K, committed 33856K, reserved 1114112K
  class space    used 3786K, committed 4032K, reserved 1048576K
}
Event: 122.501 GC heap before
{Heap before GC invocations=26 (full 0):
 garbage-first heap   total 97280K, used 51200K [0x00000000c1400000, 0x0000000100000000)
  region size 1024K, 31 young (31744K), 1 survivors (1024K)
 Metaspace       used 33542K, committed 34048K, reserved 1114112K
  class space    used 3786K, committed 4032K, reserved 1048576K
}
Event: 122.510 GC heap after
{Heap after GC invocations=27 (full 0):
 garbage-first heap   total 97280K, used 22014K [0x00000000c1400000, 0x0000000100000000)
  region size 1024K, 2 young (2048K), 2 survivors (2048K)
 Metaspace       used 33542K, committed 34048K, reserved 1114112K
  class space    used 3786K, committed 4032K, reserved 1048576K
}
Event: 159.237 GC heap before
{Heap before GC invocations=27 (full 0):
 garbage-first heap   total 97280K, used 55806K [0x00000000c1400000, 0x0000000100000000)
  region size 1024K, 36 young (36864K), 2 survivors (2048K)
 Metaspace       used 33773K, committed 34240K, reserved 1114112K
  class space    used 3802K, committed 4032K, reserved 1048576K
}
Event: 159.326 GC heap after
{Heap after GC invocations=28 (full 0):
 garbage-first heap   total 97280K, used 22861K [0x00000000c1400000, 0x0000000100000000)
  region size 1024K, 3 young (3072K), 3 survivors (3072K)
 Metaspace       used 33773K, committed 34240K, reserved 1114112K
  class space    used 3802K, committed 4032K, reserved 1048576K
}
Event: 183.204 GC heap before
{Heap before GC invocations=29 (full 0):
 garbage-first heap   total 78848K, used 65869K [0x00000000c1400000, 0x0000000100000000)
  region size 1024K, 46 young (47104K), 3 survivors (3072K)
 Metaspace       used 33981K, committed 34432K, reserved 1114112K
  class space    used 3803K, committed 4032K, reserved 1048576K
}
Event: 183.253 GC heap after
{Heap after GC invocations=30 (full 0):
 garbage-first heap   total 78848K, used 23513K [0x00000000c1400000, 0x0000000100000000)
  region size 1024K, 3 young (3072K), 3 survivors (3072K)
 Metaspace       used 33981K, committed 34432K, reserved 1114112K
  class space    used 3803K, committed 4032K, reserved 1048576K
}
Event: 252.428 GC heap before
{Heap before GC invocations=30 (full 0):
 garbage-first heap   total 78848K, used 66521K [0x00000000c1400000, 0x0000000100000000)
  region size 1024K, 46 young (47104K), 3 survivors (3072K)
 Metaspace       used 34277K, committed 34752K, reserved 1114112K
  class space    used 3805K, committed 4032K, reserved 1048576K
}
Event: 252.518 GC heap after
{Heap after GC invocations=31 (full 0):
 garbage-first heap   total 78848K, used 22708K [0x00000000c1400000, 0x0000000100000000)
  region size 1024K, 4 young (4096K), 4 survivors (4096K)
 Metaspace       used 34277K, committed 34752K, reserved 1114112K
  class space    used 3805K, committed 4032K, reserved 1048576K
}
Event: 296.439 GC heap before
{Heap before GC invocations=31 (full 0):
 garbage-first heap   total 78848K, used 51380K [0x00000000c1400000, 0x0000000100000000)
  region size 1024K, 33 young (33792K), 4 survivors (4096K)
 Metaspace       used 34395K, committed 34880K, reserved 1114112K
  class space    used 3807K, committed 4032K, reserved 1048576K
}
Event: 296.534 GC heap after
{Heap after GC invocations=32 (full 0):
 garbage-first heap   total 78848K, used 22965K [0x00000000c1400000, 0x0000000100000000)
  region size 1024K, 3 young (3072K), 3 survivors (3072K)
 Metaspace       used 34395K, committed 34880K, reserved 1114112K
  class space    used 3807K, committed 4032K, reserved 1048576K
}

