<?xml version="1.0" encoding="UTF-8"?>
<testng-results ignored="0" total="1" passed="1" failed="0" skipped="0">
  <reporter-output>
  </reporter-output>
  <suite started-at="2025-05-31T12:50:18 IST" name="Default suite" finished-at="2025-05-31T12:50:36 IST" duration-ms="18377">
    <groups>
    </groups>
    <test started-at="2025-05-31T12:50:18 IST" name="Default test" finished-at="2025-05-31T12:50:36 IST" duration-ms="18377">
      <class name="testscript.ManageCategoryTest">
        <test-method is-config="true" signature="initializeBrowser()[pri:0, instance:testscript.ManageCategoryTest@5c6648b0]" started-at="2025-05-31T12:50:18 IST" name="initializeBrowser" finished-at="2025-05-31T12:50:26 IST" duration-ms="8166" status="PASS">
          <reporter-output>
          </reporter-output>
        </test-method> <!-- initializeBrowser -->
        <test-method signature="verifyItemsEnteredInManageCategoryPageShouldBeEnteredSuccessfully()[pri:0, instance:testscript.ManageCategoryTest@5c6648b0]" started-at="2025-05-31T12:50:26 IST" name="verifyItemsEnteredInManageCategoryPageShouldBeEnteredSuccessfully" finished-at="2025-05-31T12:50:36 IST" duration-ms="10139" status="PASS">
          <reporter-output>
          </reporter-output>
        </test-method> <!-- verifyItemsEnteredInManageCategoryPageShouldBeEnteredSuccessfully -->
        <test-method is-config="true" signature="quitAndClose()[pri:0, instance:testscript.ManageCategoryTest@5c6648b0]" started-at="2025-05-31T12:50:36 IST" name="quitAndClose" finished-at="2025-05-31T12:50:36 IST" duration-ms="3" status="PASS">
          <reporter-output>
          </reporter-output>
        </test-method> <!-- quitAndClose -->
      </class> <!-- testscript.ManageCategoryTest -->
    </test> <!-- Default test -->
  </suite> <!-- Default suite -->
</testng-results>
