<?xml version="1.0" encoding="UTF-8"?>
<!-- Generated by org.testng.reporters.JUnitXMLReporter -->
<testsuite ignored="0" hostname="DESKTOP-AMAV84R" failures="0" tests="3" name="ChromeTest" time="29.28" errors="0" timestamp="2025-05-26T20:53:33 IST">
  <testcase classname="testscript.ManageNewsTest" name="manageNewsmethod" time="5.093"/>
  <testcase classname="testscript.Login" name="LoginTest" time="2.538"/>
  <testcase classname="testscript.AdminUsersTest" name="adminUsersTest" time="4.014"/>
</testsuite> <!-- ChromeTest -->
