<?xml version="1.0" encoding="UTF-8"?>
<!-- Generated by org.testng.reporters.JUnitXMLReporter -->
<testsuite ignored="3" hostname="DESKTOP-AMAV84R" failures="0" tests="1" name="ChromeTest" time="9.583" errors="0" timestamp="2025-05-27T08:47:15 IST">
  <testcase classname="testscript.LoginTest" name="loginTest" time="3.604"/>
  <testcase classname="testscript.LoginTest" name="incorrectUidIncorrectPwd" time="0.0">
    <ignored/>
  </testcase> <!-- incorrectUidIncorrectPwd -->
  <testcase classname="testscript.LoginTest" name="incorrectuidCorrectpwd" time="0.0">
    <ignored/>
  </testcase> <!-- incorrectuidCorrectpwd -->
  <testcase classname="testscript.LoginTest" name="correctuidIncorrectpwd" time="0.0">
    <ignored/>
  </testcase> <!-- correctuidIncorrectpwd -->
</testsuite> <!-- ChromeTest -->
