<?xml version="1.0" encoding="UTF-8"?>
<testng-results ignored="0" total="3" passed="3" failed="0" skipped="0">
  <reporter-output>
  </reporter-output>
  <suite started-at="2025-05-27T21:34:10 IST" name="Suite" finished-at="2025-05-27T21:34:37 IST" duration-ms="26624">
    <groups>
      <group name="regression">
        <method signature="LoginTest.loginTest()[pri:0, instance:testscript.LoginTest@1c9b0314]" name="loginTest" class="testscript.LoginTest"/>
      </group> <!-- regression -->
    </groups>
    <test started-at="2025-05-27T21:34:10 IST" name="Test" finished-at="2025-05-27T21:34:37 IST" duration-ms="26624">
      <class name="testscript.ManageNewsTest">
        <test-method is-config="true" signature="initializeBrowser(java.lang.String)[pri:0, instance:testscript.ManageNewsTest@1f9f6368]" started-at="2025-05-27T21:34:25 IST" name="initializeBrowser" finished-at="2025-05-27T21:34:28 IST" duration-ms="3559" status="PASS">
          <params>
            <param index="0">
              <value>
                <![CDATA[chrome]]>
              </value>
            </param>
          </params>
          <reporter-output>
          </reporter-output>
        </test-method> <!-- initializeBrowser -->
        <test-method signature="manageNewsmethod()[pri:0, instance:testscript.ManageNewsTest@1f9f6368]" started-at="2025-05-27T21:34:28 IST" name="manageNewsmethod" finished-at="2025-05-27T21:34:31 IST" duration-ms="2490" status="PASS">
          <reporter-output>
          </reporter-output>
        </test-method> <!-- manageNewsmethod -->
        <test-method is-config="true" signature="quitAndClose(org.testng.ITestResult)[pri:0, instance:testscript.ManageNewsTest@1f9f6368]" started-at="2025-05-27T21:34:31 IST" name="quitAndClose" finished-at="2025-05-27T21:34:31 IST" duration-ms="1" status="PASS">
          <params>
            <param index="0">
              <value>
                <![CDATA[[TestResult name=manageNewsmethod status=SUCCESS method=ManageNewsTest.manageNewsmethod()[pri:0, instance:testscript.ManageNewsTest@1f9f6368] output={null}]]]>
              </value>
            </param>
          </params>
          <reporter-output>
          </reporter-output>
        </test-method> <!-- quitAndClose -->
      </class> <!-- testscript.ManageNewsTest -->
      <class name="testscript.AdminUsersTest">
        <test-method is-config="true" signature="initializeBrowser(java.lang.String)[pri:0, instance:testscript.AdminUsersTest@1807f5a7]" started-at="2025-05-27T21:34:10 IST" name="initializeBrowser" finished-at="2025-05-27T21:34:19 IST" duration-ms="8967" status="PASS">
          <params>
            <param index="0">
              <value>
                <![CDATA[chrome]]>
              </value>
            </param>
          </params>
          <reporter-output>
          </reporter-output>
        </test-method> <!-- initializeBrowser -->
        <test-method signature="adminUsersTest()[pri:0, instance:testscript.AdminUsersTest@1807f5a7]" started-at="2025-05-27T21:34:19 IST" name="adminUsersTest" finished-at="2025-05-27T21:34:25 IST" duration-ms="5518" status="PASS">
          <reporter-output>
          </reporter-output>
        </test-method> <!-- adminUsersTest -->
        <test-method is-config="true" signature="quitAndClose(org.testng.ITestResult)[pri:0, instance:testscript.AdminUsersTest@1807f5a7]" started-at="2025-05-27T21:34:25 IST" name="quitAndClose" finished-at="2025-05-27T21:34:25 IST" duration-ms="11" status="PASS">
          <params>
            <param index="0">
              <value>
                <![CDATA[[TestResult name=adminUsersTest status=SUCCESS method=AdminUsersTest.adminUsersTest()[pri:0, instance:testscript.AdminUsersTest@1807f5a7] output={null}]]]>
              </value>
            </param>
          </params>
          <reporter-output>
          </reporter-output>
        </test-method> <!-- quitAndClose -->
      </class> <!-- testscript.AdminUsersTest -->
      <class name="testscript.LoginTest">
        <test-method is-config="true" signature="initializeBrowser(java.lang.String)[pri:0, instance:testscript.LoginTest@1c9b0314]" started-at="2025-05-27T21:34:31 IST" name="initializeBrowser" finished-at="2025-05-27T21:34:35 IST" duration-ms="4290" status="PASS">
          <params>
            <param index="0">
              <value>
                <![CDATA[chrome]]>
              </value>
            </param>
          </params>
          <reporter-output>
          </reporter-output>
        </test-method> <!-- initializeBrowser -->
        <test-method signature="loginTest()[pri:0, instance:testscript.LoginTest@1c9b0314]" started-at="2025-05-27T21:34:35 IST" name="loginTest" description="LoginTest" finished-at="2025-05-27T21:34:37 IST" duration-ms="1535" status="PASS">
          <reporter-output>
          </reporter-output>
        </test-method> <!-- loginTest -->
        <test-method is-config="true" signature="quitAndClose(org.testng.ITestResult)[pri:0, instance:testscript.LoginTest@1c9b0314]" started-at="2025-05-27T21:34:37 IST" name="quitAndClose" finished-at="2025-05-27T21:34:37 IST" duration-ms="3" status="PASS">
          <params>
            <param index="0">
              <value>
                <![CDATA[[TestResult name=loginTest status=SUCCESS method=LoginTest.loginTest()[pri:0, instance:testscript.LoginTest@1c9b0314] output={null}]]]>
              </value>
            </param>
          </params>
          <reporter-output>
          </reporter-output>
        </test-method> <!-- quitAndClose -->
      </class> <!-- testscript.LoginTest -->
    </test> <!-- Test -->
  </suite> <!-- Suite -->
</testng-results>
