<?xml version="1.0" encoding="UTF-8"?>
<testng-results ignored="0" total="1" passed="1" failed="0" skipped="0">
  <reporter-output>
  </reporter-output>
  <suite started-at="2025-05-27T08:47:05 IST" name="grouping" finished-at="2025-05-27T08:47:14 IST" duration-ms="9583">
    <groups>
      <group name="regression">
        <method signature="LoginTest.loginTest()[pri:0, instance:testscript.LoginTest@5c86a017]" name="loginTest" class="testscript.LoginTest"/>
      </group> <!-- regression -->
    </groups>
    <test started-at="2025-05-27T08:47:05 IST" name="ChromeTest" finished-at="2025-05-27T08:47:14 IST" duration-ms="9583">
      <class name="testscript.LoginTest">
        <test-method is-config="true" signature="initializeBrowser(java.lang.String)[pri:0, instance:testscript.LoginTest@5c86a017]" started-at="2025-05-27T08:47:05 IST" name="initializeBrowser" finished-at="2025-05-27T08:47:10 IST" duration-ms="5880" status="PASS">
          <params>
            <param index="0">
              <value>
                <![CDATA[chrome]]>
              </value>
            </param>
          </params>
          <reporter-output>
          </reporter-output>
        </test-method> <!-- initializeBrowser -->
        <test-method signature="loginTest()[pri:0, instance:testscript.LoginTest@5c86a017]" started-at="2025-05-27T08:47:10 IST" name="loginTest" finished-at="2025-05-27T08:47:14 IST" duration-ms="3604" status="PASS">
          <reporter-output>
          </reporter-output>
        </test-method> <!-- loginTest -->
        <test-method is-config="true" signature="quitAndClose(org.testng.ITestResult)[pri:0, instance:testscript.LoginTest@5c86a017]" started-at="2025-05-27T08:47:14 IST" name="quitAndClose" finished-at="2025-05-27T08:47:14 IST" duration-ms="4" status="PASS">
          <params>
            <param index="0">
              <value>
                <![CDATA[[TestResult name=loginTest status=SUCCESS method=LoginTest.loginTest()[pri:0, instance:testscript.LoginTest@5c86a017] output={null}]]]>
              </value>
            </param>
          </params>
          <reporter-output>
          </reporter-output>
        </test-method> <!-- quitAndClose -->
      </class> <!-- testscript.LoginTest -->
    </test> <!-- ChromeTest -->
  </suite> <!-- grouping -->
</testng-results>
