<?xml version="1.0" encoding="UTF-8"?>
<!-- Generated by org.testng.reporters.JUnitXMLReporter -->
<testsuite ignored="3" hostname="DESKTOP-AMAV84R" failures="0" tests="3" name="Test" time="26.624" errors="0" timestamp="2025-05-27T21:34:38 IST">
  <testcase classname="testscript.AdminUsersTest" name="adminUsersTest" time="5.518"/>
  <testcase classname="testscript.ManageNewsTest" name="manageNewsmethod" time="2.49"/>
  <testcase classname="testscript.LoginTest" name="loginTest" time="1.535"/>
  <testcase classname="testscript.LoginTest" name="correctuidIncorrectpwd" time="0.0">
    <ignored/>
  </testcase> <!-- correctuidIncorrectpwd -->
  <testcase classname="testscript.LoginTest" name="incorrectuidCorrectpwd" time="0.0">
    <ignored/>
  </testcase> <!-- incorrectuidCorrectpwd -->
  <testcase classname="testscript.LoginTest" name="incorrectUidIncorrectPwd" time="0.0">
    <ignored/>
  </testcase> <!-- incorrectUidIncorrectPwd -->
</testsuite> <!-- Test -->
